TN:
SF:src\config\env.ts
FN:10,(anonymous_1)
FN:32,(anonymous_2)
FNF:2
FNH:2
FNDA:1,(anonymous_1)
FNDA:1,(anonymous_2)
DA:1,1
DA:2,1
DA:4,1
DA:6,1
DA:10,1
DA:32,1
DA:44,1
DA:46,1
DA:47,0
DA:50,1
LF:10
LH:9
BRDA:10,0,0,0
BRDA:10,0,1,1
BRDA:10,1,0,1
BRDA:10,1,1,0
BRDA:32,2,0,0
BRDA:32,2,1,1
BRDA:32,3,0,1
BRDA:32,3,1,0
BRDA:46,4,0,0
BRDA:50,5,0,1
BRDA:50,5,1,0
BRDA:53,6,0,0
BRDA:53,6,1,0
BRDA:54,7,0,0
BRDA:54,7,1,0
BRDA:55,8,0,0
BRDA:55,8,1,0
BRF:17
BRH:5
end_of_record
TN:
SF:src\modules\auth\auth.utils.ts
FN:11,(anonymous_1)
FN:18,(anonymous_2)
FN:25,(anonymous_3)
FN:32,(anonymous_4)
FN:41,(anonymous_5)
FN:50,(anonymous_6)
FN:57,(anonymous_7)
FN:64,(anonymous_8)
FN:73,(anonymous_9)
FN:87,(anonymous_10)
FNF:10
FNH:7
FNDA:1,(anonymous_1)
FNDA:2,(anonymous_2)
FNDA:2,(anonymous_3)
FNDA:1,(anonymous_4)
FNDA:1,(anonymous_5)
FNDA:1,(anonymous_6)
FNDA:1,(anonymous_7)
FNDA:0,(anonymous_8)
FNDA:0,(anonymous_9)
FNDA:0,(anonymous_10)
DA:1,1
DA:2,1
DA:3,1
DA:5,1
DA:11,1
DA:12,1
DA:18,1
DA:19,2
DA:25,1
DA:26,2
DA:32,1
DA:33,1
DA:41,1
DA:42,1
DA:50,1
DA:51,1
DA:57,1
DA:58,1
DA:64,1
DA:65,0
DA:66,0
DA:67,0
DA:73,1
DA:74,0
DA:75,0
DA:87,1
DA:88,0
DA:89,0
LF:28
LH:21
BRDA:78,0,0,0
BRDA:78,0,1,0
BRDA:92,1,0,0
BRDA:92,1,1,0
BRF:4
BRH:0
end_of_record
